<?xml version="1.0" encoding="UTF-8"?>
<!-- Generated by org.testng.reporters.JUnitReportReporter -->
<testsuite hostname="DESKTOP-K5QR6PC" failures="0" tests="1" name="TestCases.TC_AddCustomerTest" time="15.049" errors="0" timestamp="2022-01-09T21:46:52 IST" skipped="0">
  <testcase classname="TestCases.TC_AddCustomerTest" name="addCustomer" time="15.049"/>
  <system-out/>
</testsuite> <!-- TestCases.TC_AddCustomerTest -->
