<?xml version="1.0" encoding="UTF-8"?>
<!-- Generated by org.testng.reporters.JUnitReportReporter -->
<testsuite hostname="DESKTOP-K5QR6PC" failures="0" tests="1" name="TestCases.Base" time="0.019" errors="0" timestamp="2022-01-01T19:08:28 IST" skipped="0">
  <testcase classname="TestCases.Base" name="demo" time="0.019"/>
  <system-out/>
</testsuite> <!-- TestCases.Base -->
