<?xml version="1.0" encoding="UTF-8"?>
<!-- Generated by org.testng.reporters.JUnitReportReporter -->
<testsuite hostname="DESKTOP-K5QR6PC" failures="0" tests="1" name="TestCases.TC_loginpageTest" time="2.102" errors="0" timestamp="2022-01-09T21:40:55 IST" skipped="0">
  <testcase classname="TestCases.TC_loginpageTest" name="login" time="2.102"/>
  <system-out/>
</testsuite> <!-- TestCases.TC_loginpageTest -->
