<?xml version="1.0" encoding="UTF-8"?>
<!-- Generated by org.testng.reporters.JUnitReportReporter -->
<testsuite hostname="DESKTOP-K5QR6PC" failures="0" tests="1" name="TestCases.TC_loginpage" time="2.150" errors="0" timestamp="2022-01-05T01:19:10 IST" skipped="0">
  <testcase classname="TestCases.TC_loginpage" name="login" time="2.150"/>
  <system-out/>
</testsuite> <!-- TestCases.TC_loginpage -->
