<?xml version="1.0" encoding="UTF-8"?>
<!-- Generated by org.testng.reporters.JUnitReportReporter -->
<testsuite skipped="0" hostname="DESKTOP-K5QR6PC" name="TestCases.TC_AddCustomerTest" tests="1" failures="0" timestamp="2022-01-08T21:08:34 IST" time="15.935" errors="0">
  <testcase name="addCustomer" time="15.935" classname="TestCases.TC_AddCustomerTest"/>
  <system-out/>
</testsuite> <!-- TestCases.TC_AddCustomerTest -->
